<?xml version="1.0" encoding="UTF-8"?>
<testsuite xmlns:xsi="http://www.w3.org/2001/XMLSchema-instance" xsi:noNamespaceSchemaLocation="https://maven.apache.org/surefire/maven-surefire-plugin/xsd/surefire-test-report-3.0.xsd" version="3.0" name="com.example.drools.KJarCompilerTest" time="1.166" tests="7" errors="0" skipped="0" failures="0">
  <properties>
[...]
</properties>
  <testcase name="compile_invalidDrl_throwsIllegalStateException" classname="com.example.drools.KJarCompilerTest" time="0.826">
    <system-err><![CDATA[SLF4J: Failed to load class "org.slf4j.impl.StaticLoggerBinder".
SLF4J: Defaulting to no-operation (NOP) logger implementation
SLF4J: See http://www.slf4j.org/codes.html#StaticLoggerBinder for further details.
]]></system-err>
  </testcase>
  <testcase name="collectDrlFiles_emptyDirectory_returnsEmptyList" classname="com.example.drools.KJarCompilerTest" time="0.0"/>
  <testcase name="compile_folderWithNoDrlFiles_throwsIllegalArgumentException" classname="com.example.drools.KJarCompilerTest" time="0.001"/>
  <testcase name="compile_nonExistentFolder_throwsIllegalArgumentException" classname="com.example.drools.KJarCompilerTest" time="0.0"/>
  <testcase name="collectDrlFiles_findsFilesRecursively" classname="com.example.drools.KJarCompilerTest" time="0.001"/>
  <testcase name="kjarLoader_executeRules_marksAdultAndMinorCorrectly" classname="com.example.drools.KJarCompilerTest" time="0.243"/>
  <testcase name="compile_sampleRules_producesKJar" classname="com.example.drools.KJarCompilerTest" time="0.035"/>
</testsuite>